[(11, 9), (12, 9), (11, 8)]
[2. 3. 1.]
1
[(12, 9), (11, 9), (12, 8)]
[2. 1. 1.]
0
[(12, 9), (11, 9), (12, 8)]
[1. 0. 2.]
2
[(12, 8), (11, 8), (12, 9), (12, 7)]
[1. 0. 2. 2.]
2
[(12, 9), (11, 9), (12, 8)]
[1. 0. 2.]
2
[(12, 8), (11, 8), (12, 9), (12, 7)]
[1. 0. 2. 2.]
2
[(12, 9), (11, 9), (12, 8)]
[1. 0. 2.]
2
[(12, 8), (11, 8), (12, 9), (12, 7)]
[1. 0. 2. 2.]
2
[(12, 9), (11, 9), (12, 8)]
[1. 0. 2.]
2
[(12, 8), (11, 8), (12, 9), (12, 7)]
[1. 0. 2. 2.]
2
[(12, 9), (11, 9), (12, 8)]
[1. 0. 2.]
2
[(12, 8), (11, 8), (12, 9), (12, 7)]
[1. 0. 2. 2.]
2
[(12, 9), (11, 9), (12, 8)]
[1. 0. 2.]
2
[(12, 8), (11, 8), (12, 9), (12, 7)]
[1. 0. 2. 2.]
2
[(12, 9), (11, 9), (12, 8)]
[1. 0. 2.]
2
[(12, 8), (11, 8), (12, 9), (12, 7)]
[1. 0. 2. 2.]
2
[(12, 9), (11, 9), (12, 8)]
[1. 0. 2.]
2
[(12, 8), (11, 8), (12, 9), (12, 7)]
[1. 0. 2. 2.]
2
[(12, 9), (11, 9), (12, 8)]
[1. 0. 2.]
2
[(12, 8), (11, 8), (12, 9), (12, 7)]
[1. 0. 2. 2.]
2
[(12, 9), (11, 9), (12, 8)]
[1. 0. 2.]
2
[(12, 8), (11, 8), (12, 9), (12, 7)]
[1. 0. 2. 2.]
2
[(12, 9), (11, 9), (12, 8)]
[1. 0. 2.]
2
[(12, 8), (11, 8), (12, 9), (12, 7)]
[1. 0. 2. 2.]
2
[(12, 9), (11, 9), (12, 8)]
[1. 0. 2.]
2
[(12, 8), (11, 8), (12, 9), (12, 7)]
[1. 0. 2. 2.]
2
[(12, 9), (11, 9), (12, 8)]
[1. 0. 2.]
2
[(12, 8), (11, 8), (12, 9), (12, 7)]
[1. 0. 2. 2.]
2
[(12, 9), (11, 9), (12, 8)]
[1. 0. 2.]
2
[(12, 8), (11, 8), (12, 9), (12, 7)]
[1. 0. 2. 2.]
2
[(12, 9), (11, 9), (12, 8)]
[1. 0. 2.]
2
[(12, 8), (11, 8), (12, 9), (12, 7)]
[1. 0. 2. 2.]
2
[(12, 9), (11, 9), (12, 8)]
[1. 0. 2.]
2
[(12, 8), (11, 8), (12, 9), (12, 7)]
[1. 0. 2. 2.]
2
[(12, 9), (11, 9), (12, 8)]
[1. 0. 2.]
2
[(12, 8), (11, 8), (12, 9), (12, 7)]
[1. 0. 2. 2.]
2
[(12, 9), (11, 9), (12, 8)]
[1. 0. 2.]
2
[(12, 8), (11, 8), (12, 9), (12, 7)]
[1. 0. 2. 2.]
2
[(12, 9), (11, 9), (12, 8)]
[1. 0. 2.]
2
[(12, 8), (11, 8), (12, 9), (12, 7)]
[1. 0. 2. 2.]
2
[(12, 9), (11, 9), (12, 8)]
[1. 0. 2.]
2
[(12, 8), (11, 8), (12, 9), (12, 7)]
[1. 0. 2. 2.]
2
[(12, 9), (11, 9), (12, 8)]
[1. 0. 2.]
2
[(12, 8), (11, 8), (12, 9), (12, 7)]
[1. 0. 2. 2.]
2
[(12, 9), (11, 9), (12, 8)]
[1. 0. 2.]
2
[(12, 8), (11, 8), (12, 9), (12, 7)]
[1. 0. 2. 2.]
2
[(12, 9), (11, 9), (12, 8)]
[1. 0. 2.]
2
[(12, 8), (11, 8), (12, 9), (12, 7)]
[1. 0. 2. 2.]
2
[(12, 9), (11, 9), (12, 8)]
[1. 0. 2.]
2
[(12, 8), (11, 8), (12, 9), (12, 7)]
[1. 0. 2. 2.]
2
[(12, 9), (11, 9), (12, 8)]
[1. 0. 2.]
2
[(12, 8), (11, 8), (12, 9), (12, 7)]
[1. 0. 2. 2.]
2
[(12, 9), (11, 9), (12, 8)]
[1. 0. 2.]
2
[(12, 8), (11, 8), (12, 9), (12, 7)]
[1. 0. 2. 2.]
2
[(12, 9), (11, 9), (12, 8)]
[1. 0. 2.]
2
[(12, 8), (11, 8), (12, 9), (12, 7)]
[1. 0. 2. 2.]
2
[(12, 9), (11, 9), (12, 8)]
[1. 0. 2.]
2
[(12, 8), (11, 8), (12, 9), (12, 7)]
[1. 0. 2. 2.]
2
[(12, 9), (11, 9), (12, 8)]
[1. 0. 2.]
2
[(12, 8), (11, 8), (12, 9), (12, 7)]
[1. 0. 2. 2.]
2
[(12, 9), (11, 9), (12, 8)]
[1. 0. 2.]
2
[(12, 8), (11, 8), (12, 9), (12, 7)]
[1. 0. 2. 2.]
2
[(12, 9), (11, 9), (12, 8)]
[1. 0. 2.]
2
[(12, 8), (11, 8), (12, 9), (12, 7)]
[1. 0. 2. 2.]
2
[(12, 9), (11, 9), (12, 8)]
[1. 0. 2.]
2
[(12, 8), (11, 8), (12, 9), (12, 7)]
[1. 0. 2. 2.]
2
[(12, 9), (11, 9), (12, 8)]
[1. 0. 2.]
2
[(12, 8), (11, 8), (12, 9), (12, 7)]
[1. 0. 2. 2.]
2
[(12, 9), (11, 9), (12, 8)]
[1. 0. 2.]
2
[(12, 8), (11, 8), (12, 9), (12, 7)]
[1. 0. 2. 2.]
2
[(12, 9), (11, 9), (12, 8)]
[1. 0. 2.]
2
[(12, 8), (11, 8), (12, 9), (12, 7)]
[1. 0. 2. 2.]
2
[(12, 9), (11, 9), (12, 8)]
[1. 0. 2.]
2
[(12, 8), (11, 8), (12, 9), (12, 7)]
[1. 0. 2. 2.]
2
[(12, 9), (11, 9), (12, 8)]
[2. 1. 1.]
0
[(12, 9), (11, 9), (12, 8)]
[1. 0. 2.]
2
[(12, 8), (11, 8), (12, 9), (12, 7)]
[1. 0. 2. 2.]
2
[(12, 9), (11, 9), (12, 8)]
[1. 0. 2.]
2
[(12, 8), (11, 8), (12, 9), (12, 7)]
[1. 0. 2. 2.]
2
[(12, 9), (11, 9), (12, 8)]
[1. 0. 2.]
2
[(12, 8), (11, 8), (12, 9), (12, 7)]
[1. 0. 2. 2.]
2
[(12, 9), (11, 9), (12, 8)]
[1. 0. 2.]
2
[(12, 8), (11, 8), (12, 9), (12, 7)]
[1. 0. 2. 2.]
2
