[(11, 1), (10, 1), (12, 1), (11, 2)]
[2. 3. 1. 3.]
1
[(10, 1), (9, 1), (11, 1), (10, 2)]
[2. 3. 1. 3.]
1
[(9, 1), (8, 1), (10, 1), (9, 2)]
[2. 3. 1. 3.]
1
[(8, 1), (9, 1), (8, 2)]
[2. 1. 3.]
2
[(8, 2), (9, 2), (8, 1)]
[2. 1. 1.]
0
[(8, 2), (9, 2), (8, 1)]
[1. 2. 0.]
1
[(9, 2), (8, 2), (10, 2), (9, 1)]
[1. 0. 2. 2.]
2
[(10, 2), (9, 2), (11, 2), (10, 1)]
[1. 0. 2. 2.]
2
[(11, 2), (10, 2), (12, 2), (11, 1)]
[1. 0. 2. 2.]
2
[(12, 2), (11, 2), (13, 2), (12, 1)]
[1. 0. 2. 2.]
2
[(13, 2), (12, 2), (14, 2), (13, 3), (13, 1)]
[1. 0. 2. 2. 2.]
2
[(14, 2), (13, 2), (15, 2), (14, 3), (14, 1)]
[1. 0. 2. 2. 2.]
2
[(8, 4), (9, 4), (8, 5)]
[2. 1. 1.]
0
[(8, 4), (9, 4), (8, 5)]
[1. 0. 2.]
2
[(8, 5), (9, 5), (8, 6), (8, 4)]
[1. 2. 2. 0.]
1
[(9, 5), (8, 5), (10, 5), (9, 6), (9, 4)]
[1. 0. 2. 2. 2.]
2
[(10, 5), (9, 5), (10, 6), (10, 4)]
[1. 0. 2. 2.]
2
[(10, 6), (9, 6), (11, 6), (10, 5)]
[1. 0. 2. 2.]
2
[(11, 6), (10, 6), (12, 6)]
[1. 0. 2.]
2
[(12, 6), (11, 6), (12, 7), (12, 5)]
[1. 0. 2. 2.]
2
[(12, 7), (13, 7), (12, 8), (12, 6)]
[1. 2. 2. 0.]
1
[(13, 7), (12, 7), (14, 7)]
[1. 0. 2.]
2
[(14, 7), (13, 7), (15, 7), (14, 8), (14, 6)]
[1. 0. 2. 2. 2.]
2
[(15, 7), (14, 7), (16, 7), (15, 8)]
[1. 0. 2. 2.]
2
